build-HelmetComm/android-build/build/outputs/logs/manifest-merger-debug-report.txt
-- Merging decision tree log ---
manifest
ADDED from AndroidManifest.xml:2:1
	xmlns:android
		ADDED from AndroidManifest.xml:2:54
	package
		ADDED from AndroidManifest.xml:2:11
	android:versionName
		ADDED from AndroidManifest.xml:2:113
	android:versionCode
		ADDED from AndroidManifest.xml:2:139
		INJECTED from AndroidManifest.xml:0:0
		INJECTED from AndroidManifest.xml:0:0
	android:installLocation
		ADDED from AndroidManifest.xml:2:163
application
ADDED from AndroidManifest.xml:3:5
	android:label
		ADDED from AndroidManifest.xml:3:117
	android:hardwareAccelerated
		ADDED from AndroidManifest.xml:3:18
	android:name
		ADDED from AndroidManifest.xml:3:53
activity#org.qtproject.qt5.android.bindings.QtActivity
ADDED from AndroidManifest.xml:4:9
	android:screenOrientation
		ADDED from AndroidManifest.xml:7:19
	android:label
		ADDED from AndroidManifest.xml:6:19
	android:configChanges
		ADDED from AndroidManifest.xml:4:19
	android:name
		ADDED from AndroidManifest.xml:5:19
	android:launchMode
		ADDED from AndroidManifest.xml:8:19
intent-filter#android.intent.action.MAIN+android.intent.category.LAUNCHER
ADDED from AndroidManifest.xml:9:13
action#android.intent.action.MAIN
ADDED from AndroidManifest.xml:10:17
	android:name
		ADDED from AndroidManifest.xml:10:25
category#android.intent.category.LAUNCHER
ADDED from AndroidManifest.xml:11:17
	android:name
		ADDED from AndroidManifest.xml:11:27
meta-data#android.app.lib_name
ADDED from AndroidManifest.xml:18:13
	android:name
		ADDED from AndroidManifest.xml:18:24
	android:value
		ADDED from AndroidManifest.xml:18:60
meta-data#android.app.qt_sources_resource_id
ADDED from AndroidManifest.xml:19:13
	android:resource
		ADDED from AndroidManifest.xml:19:74
	android:name
		ADDED from AndroidManifest.xml:19:24
meta-data#android.app.repository
ADDED from AndroidManifest.xml:20:13
	android:name
		ADDED from AndroidManifest.xml:20:24
	android:value
		ADDED from AndroidManifest.xml:20:62
meta-data#android.app.qt_libs_resource_id
ADDED from AndroidManifest.xml:21:13
	android:resource
		ADDED from AndroidManifest.xml:21:71
	android:name
		ADDED from AndroidManifest.xml:21:24
meta-data#android.app.bundled_libs_resource_id
ADDED from AndroidManifest.xml:22:13
	android:resource
		ADDED from AndroidManifest.xml:22:76
	android:name
		ADDED from AndroidManifest.xml:22:24
meta-data#android.app.bundle_local_qt_libs
ADDED from AndroidManifest.xml:24:13
	android:name
		ADDED from AndroidManifest.xml:24:24
	android:value
		ADDED from AndroidManifest.xml:24:72
meta-data#android.app.bundled_in_lib_resource_id
ADDED from AndroidManifest.xml:25:13
	android:resource
		ADDED from AndroidManifest.xml:25:78
	android:name
		ADDED from AndroidManifest.xml:25:24
meta-data#android.app.bundled_in_assets_resource_id
ADDED from AndroidManifest.xml:26:13
	android:resource
		ADDED from AndroidManifest.xml:26:81
	android:name
		ADDED from AndroidManifest.xml:26:24
meta-data#android.app.use_local_qt_libs
ADDED from AndroidManifest.xml:28:13
	android:name
		ADDED from AndroidManifest.xml:28:24
	android:value
		ADDED from AndroidManifest.xml:28:69
meta-data#android.app.libs_prefix
ADDED from AndroidManifest.xml:29:13
	android:name
		ADDED from AndroidManifest.xml:29:24
	android:value
		ADDED from AndroidManifest.xml:29:63
meta-data#android.app.load_local_libs
ADDED from AndroidManifest.xml:30:13
	android:name
		ADDED from AndroidManifest.xml:30:24
	android:value
		ADDED from AndroidManifest.xml:30:67
meta-data#android.app.load_local_jars
ADDED from AndroidManifest.xml:31:13
	android:name
		ADDED from AndroidManifest.xml:31:24
	android:value
		ADDED from AndroidManifest.xml:31:67
meta-data#android.app.static_init_classes
ADDED from AndroidManifest.xml:32:13
	android:name
		ADDED from AndroidManifest.xml:32:24
	android:value
		ADDED from AndroidManifest.xml:32:71
meta-data#android.app.ministro_not_found_msg
ADDED from AndroidManifest.xml:34:13
	android:name
		ADDED from AndroidManifest.xml:34:71
	android:value
		ADDED from AndroidManifest.xml:34:24
meta-data#android.app.ministro_needed_msg
ADDED from AndroidManifest.xml:35:13
	android:name
		ADDED from AndroidManifest.xml:35:68
	android:value
		ADDED from AndroidManifest.xml:35:24
meta-data#android.app.fatal_error_msg
ADDED from AndroidManifest.xml:36:13
	android:name
		ADDED from AndroidManifest.xml:36:64
	android:value
		ADDED from AndroidManifest.xml:36:24
meta-data#android.app.background_running
ADDED from AndroidManifest.xml:49:13
	android:name
		ADDED from AndroidManifest.xml:49:24
	android:value
		ADDED from AndroidManifest.xml:49:70
meta-data#android.app.auto_screen_scale_factor
ADDED from AndroidManifest.xml:53:13
	android:name
		ADDED from AndroidManifest.xml:53:24
	android:value
		ADDED from AndroidManifest.xml:53:76
meta-data#android.app.extract_android_style
ADDED from AndroidManifest.xml:62:13
	android:name
		ADDED from AndroidManifest.xml:62:24
	android:value
		ADDED from AndroidManifest.xml:62:73
uses-sdk
ADDED from AndroidManifest.xml:70:5
	android:targetSdkVersion
		ADDED from AndroidManifest.xml:70:42
	android:minSdkVersion
		ADDED from AndroidManifest.xml:70:15
supports-screens
ADDED from AndroidManifest.xml:71:5
	android:largeScreens
		ADDED from AndroidManifest.xml:71:23
	android:anyDensity
		ADDED from AndroidManifest.xml:71:80
	android:normalScreens
		ADDED from AndroidManifest.xml:71:51
	android:smallScreens
		ADDED from AndroidManifest.xml:71:106
uses-permission#android.permission.INTERNET
ADDED from AndroidManifest.xml:75:9
	android:name
		ADDED from AndroidManifest.xml:75:26
uses-permission#android.permission.WRITE_EXTERNAL_STORAGE
ADDED from AndroidManifest.xml:76:5
	android:name
		ADDED from AndroidManifest.xml:76:22